2020-11-16 10:09:02,760 [http-nio-9090-exec-6] INFO  com.cybage.servlet.ManagerServlet - List All Plans...
2020-11-16 10:09:15,224 [http-nio-9090-exec-10] INFO  com.cybage.servlet.ManagerServlet - New Plan Added...
2020-11-16 10:09:16,116 [http-nio-9090-exec-9] INFO  com.cybage.servlet.ManagerServlet - List All Plans...
2020-11-16 10:09:19,077 [http-nio-9090-exec-1] INFO  com.cybage.servlet.ManagerServlet - Selected the plan to be updated...
2020-11-16 10:10:41,058 [http-nio-9090-exec-3] INFO  com.cybage.servlet.ManagerServlet - Plan Updated, desired changes made...
2020-11-16 10:10:41,495 [http-nio-9090-exec-4] INFO  com.cybage.servlet.ManagerServlet - List All Plans...
2020-11-16 10:18:22,165 [http-nio-9090-exec-6] INFO  com.cybage.servlet.ManagerServlet - List All Plans...
2020-11-16 10:19:03,927 [http-nio-9090-exec-1] INFO  com.cybage.servlet.ManagerServlet - New Plan Added...
2020-11-16 10:19:05,069 [http-nio-9090-exec-2] INFO  com.cybage.servlet.ManagerServlet - List All Plans...
2020-11-16 10:19:09,177 [http-nio-9090-exec-3] INFO  com.cybage.servlet.ManagerServlet - Selected the plan to be updated...
2020-11-16 10:19:15,738 [http-nio-9090-exec-4] INFO  com.cybage.servlet.ManagerServlet - Plan Updated, desired changes made...
2020-11-16 10:19:16,334 [http-nio-9090-exec-5] INFO  com.cybage.servlet.ManagerServlet - List All Plans...
2020-11-16 10:28:59,677 [http-nio-9090-exec-1] INFO  com.cybage.servlet.ManagerServlet - Selected the plan to be updated...
2020-11-16 10:52:47,820 [http-nio-9090-exec-6] INFO  com.cybage.servlet.ManagerServlet - List All Plans...
2020-11-16 10:55:18,450 [http-nio-9090-exec-2] INFO  com.cybage.servlet.ManagerServlet - New Plan Added...
2020-11-16 10:55:20,498 [http-nio-9090-exec-3] INFO  com.cybage.servlet.ManagerServlet - List All Plans...
2020-11-16 10:55:38,936 [http-nio-9090-exec-5] INFO  com.cybage.servlet.ManagerServlet - Selected the plan to be updated...
2020-11-16 10:55:58,730 [http-nio-9090-exec-6] INFO  com.cybage.servlet.ManagerServlet - Plan Updated, desired changes made...
2020-11-16 10:55:59,277 [http-nio-9090-exec-7] INFO  com.cybage.servlet.ManagerServlet - List All Plans...
2020-11-16 10:56:11,606 [http-nio-9090-exec-8] INFO  com.cybage.servlet.ManagerServlet - Desired plan removed
2020-11-16 10:56:11,713 [http-nio-9090-exec-9] INFO  com.cybage.servlet.ManagerServlet - List All Plans...
2020-11-16 11:09:56,789 [http-nio-9090-exec-1] INFO  com.cybage.servlet.ManagerServlet - List All Plans...
2020-11-16 11:10:35,852 [http-nio-9090-exec-5] INFO  com.cybage.servlet.ManagerServlet - New Plan Added...
2020-11-16 11:10:36,226 [http-nio-9090-exec-6] INFO  com.cybage.servlet.ManagerServlet - List All Plans...
2020-11-16 11:11:00,248 [http-nio-9090-exec-9] INFO  com.cybage.servlet.ManagerServlet - Selected the plan to be updated...
2020-11-16 11:11:09,395 [http-nio-9090-exec-10] INFO  com.cybage.servlet.ManagerServlet - Plan Updated, desired changes made...
2020-11-16 11:11:09,546 [http-nio-9090-exec-1] INFO  com.cybage.servlet.ManagerServlet - List All Plans...
2020-11-16 11:11:42,151 [http-nio-9090-exec-4] INFO  com.cybage.servlet.ManagerServlet - Selected the plan to be updated...
2020-11-16 11:12:05,954 [http-nio-9090-exec-6] INFO  com.cybage.servlet.ManagerServlet - Plan Updated, desired changes made...
2020-11-16 11:12:06,319 [http-nio-9090-exec-7] INFO  com.cybage.servlet.ManagerServlet - List All Plans...
2020-11-16 11:12:22,240 [http-nio-9090-exec-8] INFO  com.cybage.servlet.ManagerServlet - Desired plan removed
2020-11-16 11:12:22,321 [http-nio-9090-exec-9] INFO  com.cybage.servlet.ManagerServlet - List All Plans...
2020-11-16 11:12:49,347 [http-nio-9090-exec-3] INFO  com.cybage.servlet.ManagerServlet - New Plan Added...
2020-11-16 11:12:49,645 [http-nio-9090-exec-4] INFO  com.cybage.servlet.ManagerServlet - List All Plans...
2020-11-16 15:27:12,260 [http-nio-9090-exec-8] INFO  com.cybage.servlet.ManagerServlet - List All Plans...
2020-11-16 15:28:05,268 [http-nio-9090-exec-1] INFO  com.cybage.servlet.ManagerServlet - New Plan Added...
2020-11-16 15:28:05,705 [http-nio-9090-exec-2] INFO  com.cybage.servlet.ManagerServlet - List All Plans...
2020-11-16 16:10:20,803 [http-nio-9090-exec-7] INFO  com.cybage.servlet.ManagerServlet - Selected the plan to be updated...
2020-11-16 16:10:29,742 [http-nio-9090-exec-9] INFO  com.cybage.servlet.ManagerServlet - Plan Updated, desired changes made...
2020-11-16 16:10:30,248 [http-nio-9090-exec-10] INFO  com.cybage.servlet.ManagerServlet - List All Plans...
2020-11-16 16:11:51,125 [http-nio-9090-exec-2] INFO  com.cybage.servlet.ManagerServlet - Selected the plan to be updated...
2020-11-16 16:26:23,856 [http-nio-9090-exec-9] INFO  com.cybage.servlet.ManagerServlet - List All Plans...
2020-11-16 16:30:59,513 [http-nio-9090-exec-7] INFO  com.cybage.servlet.ManagerServlet - List All Plans...
2020-11-16 16:34:31,404 [http-nio-9090-exec-8] INFO  com.cybage.servlet.ManagerServlet - List All Plans...
2020-11-16 16:35:15,993 [http-nio-9090-exec-9] INFO  com.cybage.servlet.ManagerServlet - List All Plans...
2020-11-16 16:47:53,921 [http-nio-9090-exec-1] INFO  com.cybage.servlet.ManagerServlet - List All Plans...
2020-11-16 16:48:59,462 [http-nio-9090-exec-9] INFO  com.cybage.servlet.ManagerServlet - List All Plans...
2020-11-16 17:09:11,777 [http-nio-9090-exec-9] INFO  com.cybage.servlet.ManagerServlet - List All Plans...
2020-11-16 17:25:54,479 [http-nio-9090-exec-4] INFO  com.cybage.servlet.ManagerServlet - List All Plans...
2020-11-16 17:33:40,255 [http-nio-9090-exec-8] INFO  com.cybage.servlet.ManagerServlet - List All Plans...
2020-11-16 17:34:08,069 [http-nio-9090-exec-3] INFO  com.cybage.servlet.ManagerServlet - New Plan Added...
2020-11-16 17:34:08,529 [http-nio-9090-exec-4] INFO  com.cybage.servlet.ManagerServlet - List All Plans...
2020-11-16 17:34:17,582 [http-nio-9090-exec-5] INFO  com.cybage.servlet.ManagerServlet - Selected the plan to be updated...
2020-11-16 17:36:22,176 [http-nio-9090-exec-6] INFO  com.cybage.servlet.ManagerServlet - List All Plans...
2020-11-16 17:36:26,039 [http-nio-9090-exec-9] INFO  com.cybage.servlet.ManagerServlet - Selected the plan to be updated...
2020-11-16 17:36:43,293 [http-nio-9090-exec-10] INFO  com.cybage.servlet.ManagerServlet - Plan Updated, desired changes made...
2020-11-16 17:36:44,219 [http-nio-9090-exec-1] INFO  com.cybage.servlet.ManagerServlet - List All Plans...
2020-11-16 17:40:08,963 [http-nio-9090-exec-4] INFO  com.cybage.servlet.ManagerServlet - Selected the plan to be updated...
2020-11-16 17:40:18,866 [http-nio-9090-exec-5] INFO  com.cybage.servlet.ManagerServlet - Desired plan removed
2020-11-16 17:40:18,972 [http-nio-9090-exec-6] INFO  com.cybage.servlet.ManagerServlet - List All Plans...
2020-11-16 17:48:03,435 [http-nio-9090-exec-2] INFO  com.cybage.servlet.ManagerServlet - List All Plans...
2020-11-16 17:48:23,974 [http-nio-9090-exec-5] INFO  com.cybage.servlet.ManagerServlet - New Plan Added...
2020-11-16 17:48:24,349 [http-nio-9090-exec-6] INFO  com.cybage.servlet.ManagerServlet - List All Plans...
2020-11-16 17:48:53,485 [http-nio-9090-exec-8] INFO  com.cybage.servlet.ManagerServlet - List All Plans...
2020-11-16 19:17:49,881 [http-nio-9090-exec-9] INFO  com.cybage.servlet.ManagerServlet - List All Plans...
2020-11-16 19:21:25,631 [http-nio-9090-exec-8] INFO  com.cybage.servlet.ManagerServlet - List All Plans...
2020-11-16 19:21:59,733 [http-nio-9090-exec-1] INFO  com.cybage.servlet.ManagerServlet - Selected the plan to be updated...
2020-11-16 19:22:19,764 [http-nio-9090-exec-3] INFO  com.cybage.servlet.ManagerServlet - Selected the plan to be updated...
2020-11-16 19:55:32,924 [http-nio-9090-exec-4] INFO  com.cybage.servlet.ManagerServlet - List All Plans...
2020-11-16 19:57:02,904 [http-nio-9090-exec-7] INFO  com.cybage.servlet.ManagerServlet - List All Plans...
2020-11-16 20:05:05,647 [http-nio-9090-exec-5] INFO  com.cybage.servlet.ManagerServlet - List All Plans...
2020-11-16 20:05:39,268 [http-nio-9090-exec-9] INFO  com.cybage.servlet.ManagerServlet - List All Plans...
2020-11-16 20:06:29,579 [http-nio-9090-exec-2] INFO  com.cybage.servlet.ManagerServlet - List All Plans...
2020-11-16 20:06:31,516 [http-nio-9090-exec-3] INFO  com.cybage.servlet.ManagerServlet - List All Plans...
2020-11-16 20:06:32,309 [http-nio-9090-exec-4] INFO  com.cybage.servlet.ManagerServlet - List All Plans...
2020-11-16 20:06:42,340 [http-nio-9090-exec-6] INFO  com.cybage.servlet.ManagerServlet - List All Plans...
2020-11-16 20:10:00,889 [http-nio-9090-exec-8] INFO  com.cybage.servlet.ManagerServlet - List All Plans...
2020-11-16 20:10:35,125 [http-nio-9090-exec-10] INFO  com.cybage.servlet.ManagerServlet - List All Plans...
2020-11-16 20:17:43,023 [http-nio-9090-exec-3] INFO  com.cybage.servlet.ManagerServlet - List All Plans...
2020-11-16 20:20:09,764 [http-nio-9090-exec-5] INFO  com.cybage.servlet.ManagerServlet - List All Plans...
2020-11-16 20:20:36,206 [http-nio-9090-exec-9] INFO  com.cybage.servlet.ManagerServlet - List All Plans...
2020-11-16 20:20:54,707 [http-nio-9090-exec-10] INFO  com.cybage.servlet.ManagerServlet - List All Plans...
2020-11-16 20:21:46,082 [http-nio-9090-exec-5] INFO  com.cybage.servlet.ManagerServlet - Selected the plan to be updated...
2020-11-16 20:24:37,195 [http-nio-9090-exec-9] INFO  com.cybage.servlet.ManagerServlet - List All Plans...
2020-11-16 20:25:54,519 [http-nio-9090-exec-2] INFO  com.cybage.servlet.ManagerServlet - List All Plans...
2020-11-16 20:25:55,668 [http-nio-9090-exec-3] INFO  com.cybage.servlet.ManagerServlet - List All Plans...
2020-11-16 20:25:56,875 [http-nio-9090-exec-4] INFO  com.cybage.servlet.ManagerServlet - List All Plans...
2020-11-16 20:26:57,411 [http-nio-9090-exec-7] INFO  com.cybage.servlet.ManagerServlet - List All Plans...
2020-11-16 20:26:58,663 [http-nio-9090-exec-8] INFO  com.cybage.servlet.ManagerServlet - List All Plans...
2020-11-16 20:26:59,452 [http-nio-9090-exec-9] INFO  com.cybage.servlet.ManagerServlet - List All Plans...
2020-11-16 20:27:36,745 [http-nio-9090-exec-2] INFO  com.cybage.servlet.ManagerServlet - List All Plans...
2020-11-16 20:36:16,269 [http-nio-9090-exec-5] INFO  com.cybage.servlet.ManagerServlet - List All Plans...
2020-11-16 20:37:05,702 [http-nio-9090-exec-3] INFO  com.cybage.servlet.ManagerServlet - List All Plans...
2020-11-16 20:37:24,495 [http-nio-9090-exec-7] INFO  com.cybage.servlet.ManagerServlet - List All Plans...
2020-11-16 20:37:28,136 [http-nio-9090-exec-8] INFO  com.cybage.servlet.ManagerServlet - Selected the plan to be updated...
2020-11-16 20:43:09,709 [http-nio-9090-exec-2] INFO  com.cybage.servlet.ManagerServlet - List All Plans...
2020-11-16 20:43:11,762 [http-nio-9090-exec-1] INFO  com.cybage.servlet.ManagerServlet - List All Plans...
2020-11-16 20:43:13,049 [http-nio-9090-exec-3] INFO  com.cybage.servlet.ManagerServlet - List All Plans...
2020-11-16 20:43:42,972 [http-nio-9090-exec-7] INFO  com.cybage.servlet.ManagerServlet - List All Plans...
